TN:
SF:src\domain\use-cases\create-table.use-case.ts
FN:17,CreateTable
FN:21,execute
FNF:2
FNH:2
FNDA:2,CreateTable
FNDA:1,execute
DA:1,1
DA:2,1
DA:3,1
DA:4,1
DA:5,1
DA:6,1
DA:7,1
DA:8,1
DA:9,1
DA:10,1
DA:11,1
DA:12,1
DA:13,1
DA:14,1
DA:15,1
DA:16,1
DA:17,1
DA:18,1
DA:19,1
DA:20,1
DA:21,1
DA:22,1
DA:23,1
DA:24,10
DA:25,10
DA:26,10
DA:27,1
DA:28,1
DA:29,1
DA:30,1
LF:30
LH:30
BRDA:17,0,0,2
BRDA:21,1,0,1
BRDA:23,2,0,10
BRDA:25,3,0,9
BRF:4
BRH:4
end_of_record
TN:
SF:src\domain\use-cases\save-file.use-case.ts
FN:14,SaveFile
FN:16,execute
FNF:2
FNH:2
FNDA:2,SaveFile
FNDA:1,execute
DA:1,1
DA:2,1
DA:3,1
DA:4,1
DA:5,1
DA:6,1
DA:7,1
DA:8,1
DA:9,1
DA:10,1
DA:11,1
DA:12,1
DA:13,1
DA:14,1
DA:15,1
DA:16,1
DA:17,1
DA:18,1
DA:19,1
DA:20,1
DA:21,1
DA:22,1
DA:23,1
DA:24,1
DA:25,1
DA:26,1
DA:27,1
DA:28,1
DA:29,1
DA:30,0
DA:31,0
DA:32,0
DA:33,1
DA:34,1
LF:34
LH:31
BRDA:14,0,0,2
BRDA:16,1,0,1
BRDA:29,2,0,0
BRF:3
BRH:2
end_of_record
TN:
SF:src\presentation\server-app.ts
FN:14,run
FNF:1
FNH:1
FNDA:2,run
DA:1,1
DA:2,1
DA:3,1
DA:4,1
DA:5,1
DA:6,1
DA:7,1
DA:8,1
DA:9,1
DA:10,1
DA:11,1
DA:12,1
DA:13,1
DA:14,1
DA:15,2
DA:16,2
DA:17,2
DA:18,2
DA:19,2
DA:20,2
DA:21,2
DA:22,2
DA:23,2
DA:24,2
DA:25,2
DA:26,2
DA:27,2
DA:28,2
DA:29,2
DA:30,2
DA:31,2
DA:32,2
DA:33,2
DA:34,2
DA:35,2
DA:36,1
LF:36
LH:36
BRDA:14,0,0,2
BRDA:30,1,0,0
BRDA:33,2,0,1
BRDA:34,3,0,1
BRF:4
BRH:3
end_of_record
